<?xml version="1.0" encoding="UTF-8"?>
<testng-results skipped="0" failed="0" total="5" passed="5">
  <reporter-output>
  </reporter-output>
  <suite name="Suite" duration-ms="29477" started-at="2019-07-24T12:51:56Z" finished-at="2019-07-24T12:52:26Z">
    <groups>
    </groups>
    <test name="Test" duration-ms="29477" started-at="2019-07-24T12:51:56Z" finished-at="2019-07-24T12:52:26Z">
      <class name="com.testScripts.TestExecution">
        <test-method status="PASS" signature="lunch_Verify()[pri:0, instance:com.testScripts.TestExecution@77cd7a0]" name="lunch_Verify" is-config="true" duration-ms="13354" started-at="2019-07-24T18:21:56Z" finished-at="2019-07-24T18:22:10Z">
          <reporter-output>
          </reporter-output>
        </test-method> <!-- lunch_Verify -->
        <test-method status="PASS" signature="login_Verify()[pri:1, instance:com.testScripts.TestExecution@77cd7a0]" name="login_Verify" duration-ms="8162" started-at="2019-07-24T18:22:10Z" finished-at="2019-07-24T18:22:18Z">
          <reporter-output>
          </reporter-output>
        </test-method> <!-- login_Verify -->
        <test-method status="PASS" signature="my_profile_button_verify()[pri:2, instance:com.testScripts.TestExecution@77cd7a0]" name="my_profile_button_verify" duration-ms="3025" started-at="2019-07-24T18:22:18Z" finished-at="2019-07-24T18:22:21Z">
          <reporter-output>
          </reporter-output>
        </test-method> <!-- my_profile_button_verify -->
        <test-method status="PASS" signature="password_verfy()[pri:3, instance:com.testScripts.TestExecution@77cd7a0]" name="password_verfy" duration-ms="2999" started-at="2019-07-24T18:22:21Z" finished-at="2019-07-24T18:22:24Z">
          <reporter-output>
          </reporter-output>
        </test-method> <!-- password_verfy -->
        <test-method status="PASS" signature="Accout_Settings_verify()[pri:4, instance:com.testScripts.TestExecution@77cd7a0]" name="Accout_Settings_verify" duration-ms="1706" started-at="2019-07-24T18:22:24Z" finished-at="2019-07-24T18:22:25Z">
          <reporter-output>
          </reporter-output>
        </test-method> <!-- Accout_Settings_verify -->
        <test-method status="PASS" signature="signout_button_verify()[pri:5, instance:com.testScripts.TestExecution@77cd7a0]" name="signout_button_verify" duration-ms="128" started-at="2019-07-24T18:22:25Z" finished-at="2019-07-24T18:22:26Z">
          <reporter-output>
          </reporter-output>
        </test-method> <!-- signout_button_verify -->
        <test-method status="PASS" signature="quit_browser_verify()[pri:0, instance:com.testScripts.TestExecution@77cd7a0]" name="quit_browser_verify" is-config="true" duration-ms="88" started-at="2019-07-24T18:22:26Z" finished-at="2019-07-24T18:22:26Z">
          <reporter-output>
          </reporter-output>
        </test-method> <!-- quit_browser_verify -->
      </class> <!-- com.testScripts.TestExecution -->
    </test> <!-- Test -->
  </suite> <!-- Suite -->
</testng-results>
